#
# There is insufficient memory for the Java Runtime Environment to continue.
# Native memory allocation (mmap) failed to map 268435456 bytes for Failed to commit area from 0x0000000701e00000 to 0x0000000711e00000 of length 268435456.
# Possible reasons:
#   The system is out of physical RAM or swap space
#   The process is running with CompressedOops enabled, and the Java Heap may be blocking the growth of the native heap
# Possible solutions:
#   Reduce memory load on the system
#   Increase physical memory or swap space
#   Check if swap backing store is full
#   Decrease Java heap size (-Xmx/-Xms)
#   Decrease number of Java threads
#   Decrease Java thread stack sizes (-Xss)
#   Set larger code cache with -XX:ReservedCodeCacheSize=
# This output file may be truncated or incomplete.
#
#  Out of Memory Error (./src/hotspot/os/windows/os_windows.cpp:3301), pid=5604, tid=8380
#
# JRE version:  (11.0.10) (build )
# Java VM: OpenJDK 64-Bit Server VM (11.0.10+0-b96-7249189, mixed mode, sharing, tiered, compressed oops, g1 gc, windows-amd64)
# No core dump will be written. Minidumps are not enabled by default on client versions of Windows
#

---------------  S U M M A R Y ------------

Command Line: org.jetbrains.git4idea.http.GitAskPassApp Username for 'https://github.com': 

Host: Intel(R) Core(TM) i5-8265U CPU @ 1.60GHz, 8 cores, 15G,  Windows 10 , 64 bit Build 19041 (10.0.19041.1348)
Time: Tue Nov 30 00:33:58 2021 SE Asia Standard Time elapsed time: 0.010162 seconds (0d 0h 0m 0s)

---------------  T H R E A D  ---------------

Current thread (0x000001ec460af000):  JavaThread "Unknown thread" [_thread_in_vm, id=8380, stack(0x0000006684000000,0x0000006684100000)]

Stack: [0x0000006684000000,0x0000006684100000]
Native frames: (J=compiled Java code, j=interpreted, Vv=VM code, C=native code)
V  [jvm.dll+0x5ecfaa]
V  [jvm.dll+0x722bd5]
V  [jvm.dll+0x72412d]
V  [jvm.dll+0x7247e3]
V  [jvm.dll+0x242928]
V  [jvm.dll+0x5ea374]
V  [jvm.dll+0x5df425]
V  [jvm.dll+0x2fdebb]
V  [jvm.dll+0x2fde2a]
V  [jvm.dll+0x2fdd02]
V  [jvm.dll+0x302bf6]
V  [jvm.dll+0x34b2a3]
V  [jvm.dll+0x34b9a6]
V  [jvm.dll+0x34b3a3]
V  [jvm.dll+0x2d8888]
V  [jvm.dll+0x2d9a37]
V  [jvm.dll+0x701737]
V  [jvm.dll+0x702f2c]
V  [jvm.dll+0x3587d9]
V  [jvm.dll+0x6e4fae]
V  [jvm.dll+0x3c0be3]
V  [jvm.dll+0x3c2e91]
C  [jli.dll+0x5373]
C  [ucrtbase.dll+0x21bb2]
C  [KERNEL32.DLL+0x17034]
C  [ntdll.dll+0x52651]


---------------  P R O C E S S  ---------------

Threads class SMR info:
_java_thread_list=0x000001ec43e45c50, length=0, elements={
}

Java Threads: ( => current thread )

Other Threads:
  0x000001ec460c4000 GCTaskThread "GC Thread#0" [stack: 0x0000006684100000,0x0000006684200000] [id=1876]
  0x000001ec46125000 ConcurrentGCThread "G1 Main Marker" [stack: 0x0000006684200000,0x0000006684300000] [id=14572]
  0x000001ec46126000 ConcurrentGCThread "G1 Conc#0" [stack: 0x0000006684300000,0x0000006684400000] [id=5028]

[error occurred during error reporting (printing all threads), id 0xc0000005, EXCEPTION_ACCESS_VIOLATION (0xc0000005) at pc=0x00007ffbb2979107]

VM state:not at safepoint (not fully initialized)

VM Mutex/Monitor currently owned by a thread:  ([mutex/lock_event])
[0x000001ec460aa360] Heap_lock - owner thread: 0x000001ec460af000

Heap address: 0x0000000701e00000, size: 4066 MB, Compressed Oops mode: Non-zero based: 0x0000000701e00000
Narrow klass base: 0x0000000000000000, Narrow klass shift: 0

GC Heap History (0 events):
No events

Deoptimization events (0 events):
No events

Classes redefined (0 events):
No events

Internal exceptions (0 events):
No events

Events (1 events):
Event: 0.006 Loaded shared library C:\Program Files\Android\Android Studio\jre\bin\zip.dll


Dynamic libraries:
0x00007ff73c460000 - 0x00007ff73c46a000 	C:\Program Files\Android\Android Studio\jre\bin\java.exe
0x00007ffbe6650000 - 0x00007ffbe6845000 	C:\Windows\SYSTEM32\ntdll.dll
0x00007ffbe4c60000 - 0x00007ffbe4d1e000 	C:\Windows\System32\KERNEL32.DLL
0x00007ffbe3f60000 - 0x00007ffbe4228000 	C:\Windows\System32\KERNELBASE.dll
0x00007ffbe4230000 - 0x00007ffbe4330000 	C:\Windows\System32\ucrtbase.dll
0x00007ffbb3350000 - 0x00007ffbb3369000 	C:\Program Files\Android\Android Studio\jre\bin\jli.dll
0x00007ffbb31f0000 - 0x00007ffbb3207000 	C:\Program Files\Android\Android Studio\jre\bin\VCRUNTIME140.dll
0x00007ffbe5bd0000 - 0x00007ffbe5d71000 	C:\Windows\System32\USER32.dll
0x00007ffbe4670000 - 0x00007ffbe4692000 	C:\Windows\System32\win32u.dll
0x00007ffbe5ba0000 - 0x00007ffbe5bcb000 	C:\Windows\System32\GDI32.dll
0x00007ffbe4330000 - 0x00007ffbe443b000 	C:\Windows\System32\gdi32full.dll
0x00007ffbe45d0000 - 0x00007ffbe466d000 	C:\Windows\System32\msvcp_win.dll
0x00007ffbc7160000 - 0x00007ffbc73fa000 	C:\Windows\WinSxS\amd64_microsoft.windows.common-controls_6595b64144ccf1df_6.0.19041.1110_none_60b5254171f9507e\COMCTL32.dll
0x00007ffbe5080000 - 0x00007ffbe511e000 	C:\Windows\System32\msvcrt.dll
0x00007ffbe4a30000 - 0x00007ffbe4a60000 	C:\Windows\System32\IMM32.DLL
0x00007ffb6bea0000 - 0x00007ffb6bf3d000 	C:\Program Files\Android\Android Studio\jre\bin\msvcp140.dll
0x00007ffbb2690000 - 0x00007ffbb315f000 	C:\Program Files\Android\Android Studio\jre\bin\server\jvm.dll
0x00007ffbe4a60000 - 0x00007ffbe4b0c000 	C:\Windows\System32\ADVAPI32.dll
0x00007ffbe4700000 - 0x00007ffbe479b000 	C:\Windows\System32\sechost.dll
0x00007ffbe59e0000 - 0x00007ffbe5b0a000 	C:\Windows\System32\RPCRT4.dll
0x00007ffbe5010000 - 0x00007ffbe5018000 	C:\Windows\System32\PSAPI.DLL
0x00007ffbd9280000 - 0x00007ffbd928a000 	C:\Windows\SYSTEM32\VERSION.dll
0x00007ffbc1ee0000 - 0x00007ffbc1ee9000 	C:\Windows\SYSTEM32\WSOCK32.dll
0x00007ffbce0d0000 - 0x00007ffbce0f7000 	C:\Windows\SYSTEM32\WINMM.dll
0x00007ffbe4fa0000 - 0x00007ffbe500b000 	C:\Windows\System32\WS2_32.dll
0x00007ffbe25e0000 - 0x00007ffbe25f2000 	C:\Windows\SYSTEM32\kernel.appcore.dll
0x00007ffbd0f60000 - 0x00007ffbd0f71000 	C:\Program Files\Android\Android Studio\jre\bin\verify.dll
0x00007ffbe22e0000 - 0x00007ffbe24c4000 	C:\Windows\SYSTEM32\DBGHELP.DLL
0x00007ffbc4bd0000 - 0x00007ffbc4bfc000 	C:\Windows\SYSTEM32\dbgcore.DLL
0x00007ffbe44f0000 - 0x00007ffbe4573000 	C:\Windows\System32\bcryptPrimitives.dll
0x00007ffbd0b20000 - 0x00007ffbd0b49000 	C:\Program Files\Android\Android Studio\jre\bin\java.dll
0x00007ffbdbfb0000 - 0x00007ffbdbfbb000 	C:\Program Files\Android\Android Studio\jre\bin\jimage.dll
0x00007ffbd09a0000 - 0x00007ffbd09b8000 	C:\Program Files\Android\Android Studio\jre\bin\zip.dll

dbghelp: loaded successfully - version: 4.0.5 - missing functions: none
symbol engine: initialized successfully - sym options: 0x614 - pdb path: .;C:\Program Files\Android\Android Studio\jre\bin;C:\Windows\SYSTEM32;C:\Windows\WinSxS\amd64_microsoft.windows.common-controls_6595b64144ccf1df_6.0.19041.1110_none_60b5254171f9507e;C:\Program Files\Android\Android Studio\jre\bin\server

VM Arguments:
java_command: org.jetbrains.git4idea.http.GitAskPassApp Username for 'https://github.com': 
java_class_path (initial): C:/Program Files/Android/Android Studio/plugins/git4idea/lib/git4idea-rt.jar;C:/Program Files/Android/Android Studio/lib/xmlrpc-2.0.1.jar;C:/Program Files/Android/Android Studio/lib/commons-codec-1.14.jar
Launcher Type: SUN_STANDARD

[Global flags]
     intx CICompilerCount                          = 4                                         {product} {ergonomic}
     uint ConcGCThreads                            = 2                                         {product} {ergonomic}
     uint G1ConcRefinementThreads                  = 8                                         {product} {ergonomic}
   size_t G1HeapRegionSize                         = 1048576                                   {product} {ergonomic}
    uintx GCDrainStackTargetSize                   = 64                                        {product} {ergonomic}
   size_t InitialHeapSize                          = 268435456                                 {product} {ergonomic}
   size_t MarkStackSize                            = 4194304                                   {product} {ergonomic}
   size_t MaxHeapSize                              = 4263510016                                {product} {ergonomic}
   size_t MinHeapDeltaBytes                        = 1048576                                   {product} {ergonomic}
    uintx NonNMethodCodeHeapSize                   = 5836300                                {pd product} {ergonomic}
    uintx NonProfiledCodeHeapSize                  = 122910970                              {pd product} {ergonomic}
    uintx ProfiledCodeHeapSize                     = 122910970                              {pd product} {ergonomic}
    uintx ReservedCodeCacheSize                    = 251658240                              {pd product} {ergonomic}
     bool SegmentedCodeCache                       = true                                      {product} {ergonomic}
     bool UseCompressedClassPointers               = true                                 {lp64_product} {ergonomic}
     bool UseCompressedOops                        = true                                 {lp64_product} {ergonomic}
     bool UseG1GC                                  = true                                      {product} {ergonomic}
     bool UseLargePagesIndividualAllocation        = false                                  {pd product} {ergonomic}

Logging:
Log output configuration:
 #0: stdout all=warning uptime,level,tags
 #1: stderr all=off uptime,level,tags

Environment Variables:
JAVA_HOME=C:\Program Files\Java\jdk-15
PATH=C:\Program Files\Git\mingw64\libexec\git-core;C:\Program Files\Git\mingw64\libexec\git-core;C:\Program Files\Git\mingw64\bin;C:\Program Files\Git\usr\bin;C:\Users\NguyenTienDung\bin;C:\Program Files\Common Files\Oracle\Java\javapath;C:\Program Files (x86)\VMware\VMware Player\bin;C:\Windows\system32;C:\Windows;C:\Windows\System32\Wbem;C:\Windows\System32\WindowsPowerShell\v1.0;C:\Windows\System32\OpenSSH;C:\Program Files\Git\cmd;C:\Users\NguyenTienDung\AppData\Local\Programs\Python\Python38;C:\Users\NguyenTienDung\AppData\Local\Programs\Python\Python38\Scripts;C:\xampp\php;C:\composer;C:\Program Files\Microsoft SQL Server\130\Tools\Binn;C:\Program Files\Microsoft SQL Server\Client SDK\ODBC\170\Tools\Binn;C:\Program Files\dotnet;C:\Program Files (x86)\Microsoft SQL Server\150\Tools\Binn;C:\Program Files\Microsoft SQL Server\150\Tools\Binn;C:\Program Files\Microsoft SQL Server\150\DTS\Binn;C:\Program Files (x86)\Microsoft SQL Server\150\DTS\Binn;C:\Program Files\Azure Data Studio\bin;C:\flutter\bin;C:\Program Files\Java\jdk-15\bin;C:\ProgramData\chocolatey\bin;C:\Program Files\nodejs;C:\Program Files\dart-sdk;C:\Program Files\Docker\Docker\resources\bin;C:\ProgramData\DockerDesktop\version-bin;C:\Users\NguyenTienDung\AppData\Local\Microsoft\WindowsApps;C:\Users\NguyenTienDung\AppData\Local\Programs\Microsoft VS Code\bin;C:\Users\NguyenTienDung\AppData\Local\GitHubDesktop\bin;C:\Users\NguyenTienDung\AppData\Roaming\Composer\vendor\bin;C:\Users\NguyenTienDung\.dotnet\tools;C:\Program Files\Azure Data Studio\bin;C:\flutter\bin;C:\Users\NguyenTienDung\AppData\Roaming\npm;C:\Program Files\heroku\bin;C:\Program Files\dart-sdk
USERNAME=NguyenTienDung
DISPLAY=:0.0
LC_ALL=en_US.UTF-8
OS=Windows_NT
PROCESSOR_IDENTIFIER=Intel64 Family 6 Model 142 Stepping 12, GenuineIntel



---------------  S Y S T E M  ---------------

OS: Windows 10 , 64 bit Build 19041 (10.0.19041.1348)
OS uptime: 1 days 23:38 hours
Hyper-V role detected

CPU:total 8 (initial active 8) (4 cores per cpu, 2 threads per core) family 6 model 142 stepping 12 microcode 0xea, cmov, cx8, fxsr, mmx, sse, sse2, sse3, ssse3, sse4.1, sse4.2, popcnt, avx, avx2, aes, clmul, erms, 3dnowpref, lzcnt, ht, tsc, tscinvbit, bmi1, bmi2, adx, fma

Memory: 4k page, system-wide physical 16260M (649M free)
TotalPageFile size 46050M (AvailPageFile size 164M)
current process WorkingSet (physical memory assigned to process): 10M, peak: 10M
current process commit charge ("private bytes"): 60M, peak: 316M

vm_info: OpenJDK 64-Bit Server VM (11.0.10+0-b96-7249189) for windows-amd64 JRE (11.0.10+0-b96-7249189), built on Mar 31 2021 21:44:00 by "builder" with MS VC++ 14.0 (VS2015)

END.
